2024-05-01 11:00:45,787 INFO: Webapp startup [in /mnt/f/Semester 3/5505-Agile Web Development/Group-Project/Flask-learning/Flask-git/CITS5505-Project2/blogweb/app/__init__.py:45]
2024-05-02 00:24:59,558 INFO: Webapp startup [in /mnt/f/Semester 3/5505-Agile Web Development/Group-Project/Flask-learning/Flask-git/CITS5505-Project2/blogweb/app/__init__.py:45]
2024-05-02 09:56:39,883 INFO: Webapp startup [in /mnt/f/Semester 3/5505-Agile Web Development/Group-Project/Flask-learning/Flask-git/CITS5505-Project2/blogweb/app/__init__.py:45]
2024-05-02 10:02:52,671 INFO: Webapp startup [in /mnt/f/Semester 3/5505-Agile Web Development/Group-Project/Flask-learning/Flask-git/CITS5505-Project2/blogweb/app/__init__.py:45]
2024-05-02 10:08:09,224 INFO: Webapp startup [in /mnt/f/Semester 3/5505-Agile Web Development/Group-Project/Flask-learning/Flask-git/CITS5505-Project2/blogweb/app/__init__.py:45]
2024-05-02 10:11:52,384 INFO: Webapp startup [in /mnt/f/Semester 3/5505-Agile Web Development/Group-Project/Flask-learning/Flask-git/CITS5505-Project2/blogweb/app/__init__.py:45]
2024-05-02 10:14:26,300 INFO: Webapp startup [in /mnt/f/Semester 3/5505-Agile Web Development/Group-Project/Flask-learning/Flask-git/CITS5505-Project2/blogweb/app/__init__.py:45]
2024-05-02 10:18:30,621 INFO: Webapp startup [in /mnt/f/Semester 3/5505-Agile Web Development/Group-Project/Flask-learning/Flask-git/CITS5505-Project2/blogweb/app/__init__.py:45]
2024-05-02 10:19:10,789 ERROR: This is a test error message [in /mnt/f/Semester 3/5505-Agile Web Development/Group-Project/Flask-learning/Flask-git/CITS5505-Project2/blogweb/app/routes.py:120]
2024-05-02 10:20:58,099 ERROR: Exception on /email [GET] [in /mnt/f/Semester 3/5505-Agile Web Development/Group-Project/Flask-learning/Flask-git/CITS5505-Project2/blogweb/venv/lib/python3.10/site-packages/flask/app.py:838]
Traceback (most recent call last):
  File "/mnt/f/Semester 3/5505-Agile Web Development/Group-Project/Flask-learning/Flask-git/CITS5505-Project2/blogweb/venv/lib/python3.10/site-packages/flask/app.py", line 1473, in wsgi_app
    response = self.full_dispatch_request()
  File "/mnt/f/Semester 3/5505-Agile Web Development/Group-Project/Flask-learning/Flask-git/CITS5505-Project2/blogweb/venv/lib/python3.10/site-packages/flask/app.py", line 882, in full_dispatch_request
    rv = self.handle_user_exception(e)
  File "/mnt/f/Semester 3/5505-Agile Web Development/Group-Project/Flask-learning/Flask-git/CITS5505-Project2/blogweb/venv/lib/python3.10/site-packages/flask/app.py", line 880, in full_dispatch_request
    rv = self.dispatch_request()
  File "/mnt/f/Semester 3/5505-Agile Web Development/Group-Project/Flask-learning/Flask-git/CITS5505-Project2/blogweb/venv/lib/python3.10/site-packages/flask/app.py", line 865, in dispatch_request
    return self.ensure_sync(self.view_functions[rule.endpoint])(**view_args)  # type: ignore[no-any-return]
  File "/mnt/f/Semester 3/5505-Agile Web Development/Group-Project/Flask-learning/Flask-git/CITS5505-Project2/blogweb/app/routes.py", line 115, in email
    mail.send(msg)
  File "/mnt/f/Semester 3/5505-Agile Web Development/Group-Project/Flask-learning/Flask-git/CITS5505-Project2/blogweb/venv/lib/python3.10/site-packages/flask_mail.py", line 491, in send
    with self.connect() as connection:
  File "/mnt/f/Semester 3/5505-Agile Web Development/Group-Project/Flask-learning/Flask-git/CITS5505-Project2/blogweb/venv/lib/python3.10/site-packages/flask_mail.py", line 144, in __enter__
    self.host = self.configure_host()
  File "/mnt/f/Semester 3/5505-Agile Web Development/Group-Project/Flask-learning/Flask-git/CITS5505-Project2/blogweb/venv/lib/python3.10/site-packages/flask_mail.py", line 158, in configure_host
    host = smtplib.SMTP(self.mail.server, self.mail.port)
  File "/usr/lib/python3.10/smtplib.py", line 255, in __init__
    (code, msg) = self.connect(host, port)
  File "/usr/lib/python3.10/smtplib.py", line 343, in connect
    (code, msg) = self.getreply()
  File "/usr/lib/python3.10/smtplib.py", line 405, in getreply
    raise SMTPServerDisconnected("Connection unexpectedly closed")
smtplib.SMTPServerDisconnected: Connection unexpectedly closed
2024-05-02 10:47:11,080 INFO: Webapp startup [in /mnt/f/Semester 3/5505-Agile Web Development/Group-Project/Flask-learning/Flask-git/CITS5505-Project2/blogweb/app/__init__.py:45]
2024-05-02 10:47:23,893 ERROR: This is a test error message [in /mnt/f/Semester 3/5505-Agile Web Development/Group-Project/Flask-learning/Flask-git/CITS5505-Project2/blogweb/app/routes.py:120]
2024-05-02 10:50:02,151 INFO: Webapp startup [in /mnt/f/Semester 3/5505-Agile Web Development/Group-Project/Flask-learning/Flask-git/CITS5505-Project2/blogweb/app/__init__.py:42]
2024-05-02 10:50:08,718 ERROR: This is a test error message [in /mnt/f/Semester 3/5505-Agile Web Development/Group-Project/Flask-learning/Flask-git/CITS5505-Project2/blogweb/app/routes.py:120]
2024-05-02 10:54:07,023 ERROR: This is a test error message [in /mnt/f/Semester 3/5505-Agile Web Development/Group-Project/Flask-learning/Flask-git/CITS5505-Project2/blogweb/app/routes.py:120]
2024-05-02 10:58:22,688 INFO: Webapp startup [in /mnt/f/Semester 3/5505-Agile Web Development/Group-Project/Flask-learning/Flask-git/CITS5505-Project2/blogweb/app/__init__.py:46]
2024-05-02 10:58:34,603 ERROR: This is a test error message [in /mnt/f/Semester 3/5505-Agile Web Development/Group-Project/Flask-learning/Flask-git/CITS5505-Project2/blogweb/app/routes.py:120]
2024-05-02 11:11:13,513 INFO: Webapp startup [in /mnt/f/Semester 3/5505-Agile Web Development/Group-Project/Flask-learning/Flask-git/CITS5505-Project2/blogweb/app/__init__.py:60]
2024-05-02 11:11:30,208 ERROR: This is a test error message [in /mnt/f/Semester 3/5505-Agile Web Development/Group-Project/Flask-learning/Flask-git/CITS5505-Project2/blogweb/app/routes.py:120]
2024-05-02 11:16:31,162 INFO: Webapp startup [in /mnt/f/Semester 3/5505-Agile Web Development/Group-Project/Flask-learning/Flask-git/CITS5505-Project2/blogweb/app/__init__.py:78]
2024-05-02 11:16:35,705 ERROR: This is a test error message [in /mnt/f/Semester 3/5505-Agile Web Development/Group-Project/Flask-learning/Flask-git/CITS5505-Project2/blogweb/app/routes.py:120]
2024-05-02 11:18:14,526 INFO: Webapp startup [in /mnt/f/Semester 3/5505-Agile Web Development/Group-Project/Flask-learning/Flask-git/CITS5505-Project2/blogweb/app/__init__.py:78]
2024-05-02 11:18:30,980 ERROR: This is a test error message [in /mnt/f/Semester 3/5505-Agile Web Development/Group-Project/Flask-learning/Flask-git/CITS5505-Project2/blogweb/app/routes.py:120]
2024-05-02 11:20:24,303 INFO: Webapp startup [in /mnt/f/Semester 3/5505-Agile Web Development/Group-Project/Flask-learning/Flask-git/CITS5505-Project2/blogweb/app/__init__.py:59]
2024-05-02 11:20:46,390 ERROR: This is a test error message [in /mnt/f/Semester 3/5505-Agile Web Development/Group-Project/Flask-learning/Flask-git/CITS5505-Project2/blogweb/app/routes.py:120]
2024-05-02 11:24:17,436 INFO: Webapp startup [in /mnt/f/Semester 3/5505-Agile Web Development/Group-Project/Flask-learning/Flask-git/CITS5505-Project2/blogweb/app/__init__.py:46]
2024-05-02 11:24:22,700 ERROR: This is a test error message [in /mnt/f/Semester 3/5505-Agile Web Development/Group-Project/Flask-learning/Flask-git/CITS5505-Project2/blogweb/app/routes.py:120]
2024-05-02 11:29:18,306 INFO: Webapp startup [in /mnt/f/Semester 3/5505-Agile Web Development/Group-Project/Flask-learning/Flask-git/CITS5505-Project2/blogweb/app/__init__.py:46]
2024-05-02 11:29:20,486 ERROR: This is a test error message [in /mnt/f/Semester 3/5505-Agile Web Development/Group-Project/Flask-learning/Flask-git/CITS5505-Project2/blogweb/app/routes.py:120]
2024-05-02 11:29:50,658 INFO: Webapp startup [in /mnt/f/Semester 3/5505-Agile Web Development/Group-Project/Flask-learning/Flask-git/CITS5505-Project2/blogweb/app/__init__.py:46]
2024-05-02 11:29:55,666 ERROR: This is a test error message [in /mnt/f/Semester 3/5505-Agile Web Development/Group-Project/Flask-learning/Flask-git/CITS5505-Project2/blogweb/app/routes.py:120]
2024-05-02 11:31:54,377 INFO: Webapp startup [in /mnt/f/Semester 3/5505-Agile Web Development/Group-Project/Flask-learning/Flask-git/CITS5505-Project2/blogweb/app/__init__.py:46]
2024-05-02 11:31:59,572 ERROR: This is a test error message [in /mnt/f/Semester 3/5505-Agile Web Development/Group-Project/Flask-learning/Flask-git/CITS5505-Project2/blogweb/app/routes.py:120]
2024-05-02 11:41:00,126 INFO: Webapp startup [in /mnt/f/Semester 3/5505-Agile Web Development/Group-Project/Flask-learning/Flask-git/CITS5505-Project2/blogweb/app/__init__.py:46]
2024-05-02 12:08:56,740 INFO: Webapp startup [in /mnt/f/Semester 3/5505-Agile Web Development/Group-Project/Flask-learning/Flask-git/CITS5505-Project2/blogweb/app/__init__.py:46]
2024-05-02 12:10:16,904 INFO: Webapp startup [in /mnt/f/Semester 3/5505-Agile Web Development/Group-Project/Flask-learning/Flask-git/CITS5505-Project2/blogweb/app/__init__.py:46]
2024-05-02 12:13:15,244 INFO: Webapp startup [in /mnt/f/Semester 3/5505-Agile Web Development/Group-Project/Flask-learning/Flask-git/CITS5505-Project2/blogweb/app/__init__.py:46]
2024-05-02 12:14:35,399 INFO: Webapp startup [in /mnt/f/Semester 3/5505-Agile Web Development/Group-Project/Flask-learning/Flask-git/CITS5505-Project2/blogweb/app/__init__.py:46]
2024-05-02 12:18:29,020 INFO: Webapp startup [in /mnt/f/Semester 3/5505-Agile Web Development/Group-Project/Flask-learning/Flask-git/CITS5505-Project2/blogweb/app/__init__.py:46]
